<?xml version="1.0" encoding="UTF-8"?>
<!-- Generated by org.testng.reporters.JUnitReportReporter -->
<testsuite skipped="0" hostname="Mayank-PC" name="demo.loginTest" tests="1" failures="0" timestamp="29 Apr 2020 16:57:27 GMT" time="5.549" errors="0">
  <testcase name="test" time="5.549" classname="demo.loginTest"/>
</testsuite> <!-- demo.loginTest -->
