<?xml version="1.0" encoding="UTF-8"?>
<!-- Generated by org.testng.reporters.JUnitReportReporter -->
<testsuite skipped="0" hostname="Mayank-PC" name="guru99.DataProviderSimple" tests="3" failures="0" timestamp="06 May 2020 16:55:18 GMT" time="10.300" errors="0">
  <testcase name="testMethod" time="3.277" classname="guru99.DataProviderSimple"/>
  <testcase name="testMethod" time="3.257" classname="guru99.DataProviderSimple"/>
  <testcase name="testMethod" time="3.766" classname="guru99.DataProviderSimple"/>
</testsuite> <!-- guru99.DataProviderSimple -->
