<?xml version="1.0" encoding="UTF-8"?>
<!-- Generated by org.testng.reporters.JUnitReportReporter -->
<testsuite skipped="0" hostname="Mayank-PC" name="lex.Log4jProperties" tests="1" failures="0" timestamp="05 May 2020 10:38:49 GMT" time="3.622" errors="0">
  <testcase name="test" time="3.622" classname="lex.Log4jProperties"/>
</testsuite> <!-- lex.Log4jProperties -->
