<?xml version="1.0" encoding="UTF-8"?>
<!-- Generated by org.testng.reporters.JUnitReportReporter -->
<testsuite skipped="0" hostname="Mayank-PC" name="demo.loginTest_xls" tests="1" failures="0" timestamp="01 May 2020 18:31:16 GMT" time="6.357" errors="0">
  <testcase name="test" time="6.357" classname="demo.loginTest_xls"/>
</testsuite> <!-- demo.loginTest_xls -->
