<?xml version="1.0" encoding="UTF-8"?>
<!-- Generated by org.testng.reporters.JUnitReportReporter -->
<testsuite skipped="0" hostname="Mayank-PC" name="dmitry.NegativeTest" tests="1" failures="0" timestamp="03 May 2020 15:57:51 GMT" time="37.358" errors="0">
  <testcase name="incorrectUsernameTest" time="37.358" classname="dmitry.NegativeTest"/>
</testsuite> <!-- dmitry.NegativeTest -->
