<?xml version="1.0" encoding="UTF-8"?>
<!-- Generated by org.testng.reporters.JUnitReportReporter -->
<testsuite skipped="0" hostname="Mayank-PC" name="guru99.ParameterByITestContextInDataprovider" tests="6" failures="0" timestamp="06 May 2020 17:30:13 GMT" time="19.689" errors="0">
  <testcase name="testMethodA" time="3.370" classname="guru99.ParameterByITestContextInDataprovider"/>
  <testcase name="testMethodA" time="3.236" classname="guru99.ParameterByITestContextInDataprovider"/>
  <testcase name="testMethodB" time="3.247" classname="guru99.ParameterByITestContextInDataprovider"/>
  <testcase name="testMethodB" time="3.345" classname="guru99.ParameterByITestContextInDataprovider"/>
  <testcase name="testMethodA" time="3.235" classname="guru99.ParameterByITestContextInDataprovider"/>
  <testcase name="testMethodB" time="3.256" classname="guru99.ParameterByITestContextInDataprovider"/>
</testsuite> <!-- guru99.ParameterByITestContextInDataprovider -->
