<?xml version="1.0" encoding="UTF-8"?>
<!-- Generated by org.testng.reporters.JUnitReportReporter -->
<testsuite skipped="0" hostname="Mayank-PC" name="guru99.DataproviderWithClassLevel" tests="3" failures="0" timestamp="06 May 2020 17:13:32 GMT" time="11.498" errors="0">
  <testcase name="testMethod" time="3.674" classname="guru99.DataproviderWithClassLevel"/>
  <testcase name="testMethod" time="3.378" classname="guru99.DataproviderWithClassLevel"/>
  <testcase name="testMethod" time="4.446" classname="guru99.DataproviderWithClassLevel"/>
</testsuite> <!-- guru99.DataproviderWithClassLevel -->
