<?xml version="1.0" encoding="UTF-8"?>
<!-- Generated by org.testng.reporters.JUnitReportReporter -->
<testsuite skipped="0" hostname="Mayank-PC" name="dmitry.ElementNotVisibleException" tests="1" failures="0" timestamp="05 May 2020 02:34:14 GMT" time="56.645" errors="0">
  <testcase name="notVisibleTest" time="56.645" classname="dmitry.ElementNotVisibleException"/>
</testsuite> <!-- dmitry.ElementNotVisibleException -->
