<?xml version="1.0" encoding="UTF-8"?>
<!-- Generated by org.testng.reporters.JUnitReportReporter -->
<testsuite skipped="0" hostname="Mayank-PC" name="demo.ParametersTest" tests="2" failures="0" timestamp="04 May 2020 02:56:01 GMT" time="10.788" errors="0">
  <testcase name="negativeLoginTest" time="4.869" classname="demo.ParametersTest"/>
  <testcase name="negativeLoginTest" time="5.919" classname="demo.ParametersTest"/>
</testsuite> <!-- demo.ParametersTest -->
