<?xml version="1.0" encoding="UTF-8"?>
<!-- Generated by org.testng.reporters.JUnitReportReporter -->
<testsuite skipped="0" hostname="Mayank-PC" name="dmitry.TimeOutException" tests="2" failures="0" timestamp="05 May 2020 03:01:56 GMT" time="51.137" errors="0">
  <testcase name="timeoutTest" time="21.386" classname="dmitry.TimeOutException"/>
  <testcase name="notVisibleTest" time="29.751" classname="dmitry.TimeOutException"/>
</testsuite> <!-- dmitry.TimeOutException -->
