<?xml version="1.0" encoding="UTF-8"?>
<!-- Generated by org.testng.reporters.JUnitReportReporter -->
<testsuite skipped="0" hostname="Mayank-PC" name="demo.loginTest_normal" tests="1" failures="0" timestamp="01 May 2020 18:32:12 GMT" time="3.536" errors="0">
  <testcase name="test" time="3.536" classname="demo.loginTest_normal"/>
</testsuite> <!-- demo.loginTest_normal -->
