<?xml version="1.0" encoding="UTF-8"?>
<!-- Generated by org.testng.reporters.JUnitReportReporter -->
<testsuite skipped="0" hostname="Mayank-PC" name="demo.WebTable" tests="1" failures="0" timestamp="07 May 2020 01:49:51 GMT" time="0.239" errors="0">
  <testcase name="test" time="0.239" classname="demo.WebTable"/>
</testsuite> <!-- demo.WebTable -->
