<?xml version="1.0" encoding="UTF-8"?>
<!-- Generated by org.testng.reporters.JUnitReportReporter -->
<testsuite skipped="0" hostname="Mayank-PC" name="demo.loginTest_normal" tests="1" failures="0" timestamp="03 May 2020 13:01:03 GMT" time="6.817" errors="0">
  <testcase name="test" time="6.817" classname="demo.loginTest_normal"/>
</testsuite> <!-- demo.loginTest_normal -->
