<?xml version="1.0" encoding="UTF-8"?>
<!-- Generated by org.testng.reporters.JUnitReportReporter -->
<testsuite skipped="0" hostname="Mayank-PC" name="demo.Elementpractice2" tests="1" failures="0" timestamp="02 May 2020 15:22:20 GMT" time="15.913" errors="0">
  <testcase name="test" time="15.913" classname="demo.Elementpractice2"/>
</testsuite> <!-- demo.Elementpractice2 -->
