<?xml version="1.0" encoding="UTF-8"?>
<!-- Generated by org.testng.reporters.JUnitReportReporter -->
<testsuite skipped="0" hostname="Mayank-PC" name="lex.Log4jBasic" tests="1" failures="0" timestamp="05 May 2020 10:18:30 GMT" time="3.398" errors="0">
  <testcase name="test" time="3.398" classname="lex.Log4jBasic"/>
</testsuite> <!-- lex.Log4jBasic -->
