<?xml version="1.0" encoding="UTF-8"?>
<!-- Generated by org.testng.reporters.JUnitReportReporter -->
<testsuite skipped="0" hostname="Mayank-PC" name="demo.loginTest_xls" tests="1" failures="0" timestamp="03 May 2020 13:01:03 GMT" time="9.236" errors="0">
  <testcase name="test" time="9.236" classname="demo.loginTest_xls"/>
</testsuite> <!-- demo.loginTest_xls -->
