<?xml version="1.0" encoding="UTF-8"?>
<!-- Generated by org.testng.reporters.JUnitReportReporter -->
<testsuite skipped="0" hostname="Mayank-PC" name="dmitry.NoSuchElementException" tests="1" failures="0" timestamp="05 May 2020 03:21:43 GMT" time="22.925" errors="0">
  <testcase name="noSuchElementTest" time="22.925" classname="dmitry.NoSuchElementException"/>
</testsuite> <!-- dmitry.NoSuchElementException -->
