<?xml version="1.0" encoding="UTF-8"?>
<!-- Generated by org.testng.reporters.JUnitReportReporter -->
<testsuite skipped="0" hostname="Mayank-PC" name="demo.loginTest_xlsx" tests="1" failures="0" timestamp="01 May 2020 18:29:08 GMT" time="7.620" errors="0">
  <testcase name="test" time="7.620" classname="demo.loginTest_xlsx"/>
</testsuite> <!-- demo.loginTest_xlsx -->
