<?xml version="1.0" encoding="UTF-8"?>
<!-- Generated by org.testng.reporters.JUnitReportReporter -->
<testsuite skipped="0" hostname="Mayank-PC" name="guru99.ParameterByMethodInDataprovider" tests="6" failures="0" timestamp="06 May 2020 17:19:49 GMT" time="19.481" errors="0">
  <testcase name="testMethodA" time="3.206" classname="guru99.ParameterByMethodInDataprovider"/>
  <testcase name="testMethodA" time="3.236" classname="guru99.ParameterByMethodInDataprovider"/>
  <testcase name="testMethodA" time="3.288" classname="guru99.ParameterByMethodInDataprovider"/>
  <testcase name="testMethodB" time="3.242" classname="guru99.ParameterByMethodInDataprovider"/>
  <testcase name="testMethodB" time="3.257" classname="guru99.ParameterByMethodInDataprovider"/>
  <testcase name="testMethodB" time="3.252" classname="guru99.ParameterByMethodInDataprovider"/>
</testsuite> <!-- guru99.ParameterByMethodInDataprovider -->
