<?xml version="1.0" encoding="UTF-8"?>
<!-- Generated by org.testng.reporters.JUnitReportReporter -->
<testsuite skipped="0" hostname="Mayank-PC" name="lex.Log4jXml" tests="1" failures="0" timestamp="05 May 2020 14:10:50 GMT" time="2.449" errors="0">
  <testcase name="test" time="2.449" classname="lex.Log4jXml"/>
</testsuite> <!-- lex.Log4jXml -->
