<?xml version="1.0" encoding="UTF-8"?>
<!-- Generated by org.testng.reporters.JUnitReportReporter -->
<testsuite skipped="0" hostname="Mayank-PC" name="demo.loginTest" tests="1" failures="0" timestamp="28 Apr 2020 18:14:35 GMT" time="3.255" errors="0">
  <testcase name="test" time="3.255" classname="demo.loginTest"/>
</testsuite> <!-- demo.loginTest -->
