<?xml version="1.0" encoding="UTF-8"?>
<!-- Generated by org.testng.reporters.JUnitReportReporter -->
<testsuite skipped="0" hostname="Mayank-PC" name="demo.Demo1" tests="1" failures="0" timestamp="27 Apr 2020 17:02:49 GMT" time="0.008" errors="0">
  <testcase name="test" time="0.008" classname="demo.Demo1"/>
</testsuite> <!-- demo.Demo1 -->
