<?xml version="1.0" encoding="UTF-8"?>
<!-- Generated by org.testng.reporters.JUnitReportReporter -->
<testsuite skipped="0" hostname="Mayank-PC" name="demo.Elementpractice" tests="1" failures="0" timestamp="02 May 2020 12:35:03 GMT" time="2.152" errors="0">
  <testcase name="test" time="2.152" classname="demo.Elementpractice"/>
</testsuite> <!-- demo.Elementpractice -->
